<?xml version="1.0" encoding="UTF-8"?>
<testng-results skipped="0" failed="0" ignored="0" total="1" passed="1">
  <reporter-output>
  </reporter-output>
  <suite name="Default suite" duration-ms="20610" started-at="2020-02-02T17:14:51Z" finished-at="2020-02-02T17:15:12Z">
    <groups>
    </groups>
    <test name="Default test" duration-ms="20610" started-at="2020-02-02T17:14:51Z" finished-at="2020-02-02T17:15:12Z">
      <class name="com.training.sanity.tests.MEditRemoveTests">
        <test-method status="PASS" signature="setUpBeforeClass()[pri:0, instance:com.training.sanity.tests.MEditRemoveTests@29ee9faa]" name="setUpBeforeClass" is-config="true" duration-ms="10975" started-at="2020-02-02T22:44:51Z" finished-at="2020-02-02T22:45:02Z">
          <reporter-output>
          </reporter-output>
        </test-method> <!-- setUpBeforeClass -->
        <test-method status="PASS" signature="editSaveTest()[pri:0, instance:com.training.sanity.tests.MEditRemoveTests@29ee9faa]" name="editSaveTest" duration-ms="7874" started-at="2020-02-02T22:45:02Z" finished-at="2020-02-02T22:45:10Z">
          <reporter-output>
          </reporter-output>
        </test-method> <!-- editSaveTest -->
        <test-method status="PASS" signature="tearDown()[pri:0, instance:com.training.sanity.tests.MEditRemoveTests@29ee9faa]" name="tearDown" is-config="true" duration-ms="1740" started-at="2020-02-02T22:45:10Z" finished-at="2020-02-02T22:45:12Z">
          <reporter-output>
          </reporter-output>
        </test-method> <!-- tearDown -->
      </class> <!-- com.training.sanity.tests.MEditRemoveTests -->
    </test> <!-- Default test -->
  </suite> <!-- Default suite -->
</testng-results>
